<?xml version="1.0" encoding="UTF-8"?>
<testsuite name="com.example.demo.web.HelloControllerTest" tests="2" skipped="0" failures="0" errors="0" timestamp="2025-09-18T13:20:54.270Z" hostname="DESKTOP-A87EHB8" time="0.527">
  <properties/>
  <testcase name="hello가_리턴된다()" classname="com.example.demo.web.HelloControllerTest" time="0.469"/>
  <testcase name="helloDto가_리턴된다()" classname="com.example.demo.web.HelloControllerTest" time="0.057"/>
  <system-out><![CDATA[22:20:53.356 [Test worker] INFO org.springframework.test.context.support.AnnotationConfigContextLoaderUtils -- Could not detect default configuration classes for test class [com.example.demo.web.HelloControllerTest]: HelloControllerTest does not declare any static, non-private, non-final, nested classes annotated with @Configuration.
22:20:53.465 [Test worker] INFO org.springframework.boot.test.context.SpringBootTestContextBootstrapper -- Found @SpringBootConfiguration com.example.demo.DemoApplication for test class com.example.demo.web.HelloControllerTest

  .   ____          _            __ _ _
 /\\ / ___'_ __ _ _(_)_ __  __ _ \ \ \ \
( ( )\___ | '_ | '_| | '_ \/ _` | \ \ \ \
 \\/  ___)| |_)| | | | | || (_| |  ) ) ) )
  '  |____| .__|_| |_|_| |_\__, | / / / /
 =========|_|==============|___/=/_/_/_/

 :: Spring Boot ::                (v3.5.5)

2025-09-18T22:20:53.727+09:00  INFO 19004 --- [demo] [    Test worker] c.example.demo.web.HelloControllerTest   : Starting HelloControllerTest using Java 17.0.15 with PID 19004 (started by bm961 in C:\Users\bm961\Desktop\study\hello-spring\demo)
2025-09-18T22:20:53.728+09:00  INFO 19004 --- [demo] [    Test worker] c.example.demo.web.HelloControllerTest   : No active profile set, falling back to 1 default profile: "default"
2025-09-18T22:20:54.245+09:00  INFO 19004 --- [demo] [    Test worker] o.s.b.t.m.w.SpringBootMockServletContext : Initializing Spring TestDispatcherServlet ''
2025-09-18T22:20:54.245+09:00  INFO 19004 --- [demo] [    Test worker] o.s.t.web.servlet.TestDispatcherServlet  : Initializing Servlet ''
2025-09-18T22:20:54.247+09:00  INFO 19004 --- [demo] [    Test worker] o.s.t.web.servlet.TestDispatcherServlet  : Completed initialization in 1 ms
2025-09-18T22:20:54.265+09:00  INFO 19004 --- [demo] [    Test worker] c.example.demo.web.HelloControllerTest   : Started HelloControllerTest in 0.753 seconds (process running for 1.442)
]]></system-out>
  <system-err><![CDATA[]]></system-err>
</testsuite>
