<?xml version="1.0" encoding="UTF-8"?>
<testsuite name="com.example.demo.web.IndexControllerTest" tests="1" skipped="0" failures="0" errors="0" timestamp="2025-09-26T15:20:16.253Z" hostname="DESKTOP-A87EHB8" time="0.067">
  <properties/>
  <testcase name="메인페이지_로딩()" classname="com.example.demo.web.IndexControllerTest" time="0.067"/>
  <system-out><![CDATA[2025-09-27T00:20:16.250+09:00  INFO 16500 --- [demo] [    Test worker] t.c.s.AnnotationConfigContextLoaderUtils : Could not detect default configuration classes for test class [com.example.demo.web.IndexControllerTest]: IndexControllerTest does not declare any static, non-private, non-final, nested classes annotated with @Configuration.
2025-09-27T00:20:16.252+09:00  INFO 16500 --- [demo] [    Test worker] .b.t.c.SpringBootTestContextBootstrapper : Found @SpringBootConfiguration com.example.demo.DemoApplication for test class com.example.demo.web.IndexControllerTest
Hibernate: select p1_0.id,p1_0.author,p1_0.content,p1_0.created_date,p1_0.modified_date,p1_0.title from posts p1_0 order by p1_0.id desc
]]></system-out>
  <system-err><![CDATA[]]></system-err>
</testsuite>
