<?xml version="1.0" encoding="UTF-8"?>
<testsuite name="com.example.demo.domain.posts.PostsRepositoryTest" tests="1" skipped="0" failures="0" errors="0" timestamp="2025-09-19T15:00:43.180Z" hostname="DESKTOP-A87EHB8" time="0.44">
  <properties/>
  <testcase name="BaseTimeEntity_등록()" classname="com.example.demo.domain.posts.PostsRepositoryTest" time="0.44"/>
  <system-out><![CDATA[00:00:40.539 [Test worker] INFO org.springframework.test.context.support.AnnotationConfigContextLoaderUtils -- Could not detect default configuration classes for test class [com.example.demo.domain.posts.PostsRepositoryTest]: PostsRepositoryTest does not declare any static, non-private, non-final, nested classes annotated with @Configuration.
00:00:40.606 [Test worker] INFO org.springframework.boot.test.context.SpringBootTestContextBootstrapper -- Found @SpringBootConfiguration com.example.demo.DemoApplication for test class com.example.demo.domain.posts.PostsRepositoryTest

  .   ____          _            __ _ _
 /\\ / ___'_ __ _ _(_)_ __  __ _ \ \ \ \
( ( )\___ | '_ | '_| | '_ \/ _` | \ \ \ \
 \\/  ___)| |_)| | | | | || (_| |  ) ) ) )
  '  |____| .__|_| |_|_| |_\__, | / / / /
 =========|_|==============|___/=/_/_/_/

 :: Spring Boot ::                (v3.5.5)

2025-09-20T00:00:40.900+09:00  INFO 6876 --- [demo] [    Test worker] c.e.d.domain.posts.PostsRepositoryTest   : Starting PostsRepositoryTest using Java 24.0.1 with PID 6876 (started by bm961 in C:\Users\bm961\Desktop\study\hello-spring\demo)
2025-09-20T00:00:40.902+09:00  INFO 6876 --- [demo] [    Test worker] c.e.d.domain.posts.PostsRepositoryTest   : No active profile set, falling back to 1 default profile: "default"
2025-09-20T00:00:41.332+09:00  INFO 6876 --- [demo] [    Test worker] .s.d.r.c.RepositoryConfigurationDelegate : Bootstrapping Spring Data JPA repositories in DEFAULT mode.
2025-09-20T00:00:41.366+09:00  INFO 6876 --- [demo] [    Test worker] .s.d.r.c.RepositoryConfigurationDelegate : Finished Spring Data repository scanning in 30 ms. Found 1 JPA repository interface.
2025-09-20T00:00:41.671+09:00  INFO 6876 --- [demo] [    Test worker] com.zaxxer.hikari.HikariDataSource       : HikariPool-1 - Starting...
2025-09-20T00:00:41.796+09:00  INFO 6876 --- [demo] [    Test worker] com.zaxxer.hikari.pool.HikariPool        : HikariPool-1 - Added connection conn0: url=jdbc:h2:mem:testdb user=SA
2025-09-20T00:00:41.798+09:00  INFO 6876 --- [demo] [    Test worker] com.zaxxer.hikari.HikariDataSource       : HikariPool-1 - Start completed.
2025-09-20T00:00:41.839+09:00  INFO 6876 --- [demo] [    Test worker] o.hibernate.jpa.internal.util.LogHelper  : HHH000204: Processing PersistenceUnitInfo [name: default]
2025-09-20T00:00:41.880+09:00  INFO 6876 --- [demo] [    Test worker] org.hibernate.Version                    : HHH000412: Hibernate ORM core version 6.6.26.Final
2025-09-20T00:00:41.906+09:00  INFO 6876 --- [demo] [    Test worker] o.h.c.internal.RegionFactoryInitiator    : HHH000026: Second-level cache disabled
2025-09-20T00:00:42.126+09:00  INFO 6876 --- [demo] [    Test worker] o.s.o.j.p.SpringPersistenceUnitInfo      : No LoadTimeWeaver setup: ignoring JPA class transformer
2025-09-20T00:00:42.181+09:00  INFO 6876 --- [demo] [    Test worker] org.hibernate.orm.connections.pooling    : HHH10001005: Database info:
	Database JDBC URL [Connecting through datasource 'HikariDataSource (HikariPool-1)']
	Database driver: undefined/unknown
	Database version: 2.3.232
	Autocommit mode: undefined/unknown
	Isolation level: undefined/unknown
	Minimum pool size: undefined/unknown
	Maximum pool size: undefined/unknown
2025-09-20T00:00:42.652+09:00  INFO 6876 --- [demo] [    Test worker] o.h.e.t.j.p.i.JtaPlatformInitiator       : HHH000489: No JTA platform available (set 'hibernate.transaction.jta.platform' to enable JTA platform integration)
Hibernate: drop table if exists posts cascade 
Hibernate: create table posts (created_date timestamp(6), id bigint generated by default as identity, modified_date timestamp(6), title varchar(500) not null, author varchar(255), content TEXT not null, primary key (id))
2025-09-20T00:00:42.672+09:00  INFO 6876 --- [demo] [    Test worker] j.LocalContainerEntityManagerFactoryBean : Initialized JPA EntityManagerFactory for persistence unit 'default'
2025-09-20T00:00:42.934+09:00  WARN 6876 --- [demo] [    Test worker] JpaBaseConfiguration$JpaWebConfiguration : spring.jpa.open-in-view is enabled by default. Therefore, database queries may be performed during view rendering. Explicitly configure spring.jpa.open-in-view to disable this warning
2025-09-20T00:00:43.127+09:00  INFO 6876 --- [demo] [    Test worker] o.s.b.a.h2.H2ConsoleAutoConfiguration    : H2 console available at '/h2-console'. Database available at 'jdbc:h2:mem:testdb'
2025-09-20T00:00:43.170+09:00  INFO 6876 --- [demo] [    Test worker] c.e.d.domain.posts.PostsRepositoryTest   : Started PostsRepositoryTest in 2.455 seconds (process running for 3.209)
Hibernate: insert into posts (author,content,created_date,modified_date,title,id) values (?,?,?,?,?,default)
Hibernate: select p1_0.id,p1_0.author,p1_0.content,p1_0.created_date,p1_0.modified_date,p1_0.title from posts p1_0
>>>>>>>>>>> createDate=2025-09-20T00:00:43.440578 ,modifiedDate= 2025-09-20T00:00:43.440578
Hibernate: select p1_0.id,p1_0.author,p1_0.content,p1_0.created_date,p1_0.modified_date,p1_0.title from posts p1_0
Hibernate: delete from posts where id=?
]]></system-out>
  <system-err><![CDATA[Mockito is currently self-attaching to enable the inline-mock-maker. This will no longer work in future releases of the JDK. Please add Mockito as an agent to your build as described in Mockito's documentation: https://javadoc.io/doc/org.mockito/mockito-core/latest/org.mockito/org/mockito/Mockito.html#0.3
WARNING: A Java agent has been loaded dynamically (C:\Users\bm961\.gradle\caches\modules-2\files-2.1\net.bytebuddy\byte-buddy-agent\1.17.7\fbf3d6d649ed37fc9e9c59480a05be0a26e3c2da\byte-buddy-agent-1.17.7.jar)
WARNING: If a serviceability tool is in use, please run with -XX:+EnableDynamicAgentLoading to hide this warning
WARNING: If a serviceability tool is not in use, please run with -Djdk.instrument.traceUsage for more information
WARNING: Dynamic loading of agents will be disallowed by default in a future release
]]></system-err>
</testsuite>
